<?xml version="1.0" encoding="UTF-8"?>
<!-- Generated by org.testng.reporters.JUnitReportReporter -->
<testsuite hostname="hanna-PC" failures="0" tests="1" name="projecttest.Projectanagenewstest" time="4.188" errors="0" timestamp="2025-02-13T14:05:51 IST" skipped="0">
  <testcase classname="projecttest.Projectanagenewstest" name="managenewstest" time="4.188"/>
  <system-out/>
</testsuite> <!-- projecttest.Projectanagenewstest -->
