<?xml version="1.0" encoding="UTF-8"?>
<!-- Generated by org.testng.reporters.JUnitReportReporter -->
<testsuite hostname="hanna-PC" failures="0" tests="1" name="projecttest.Projecthometest" time="5.620" errors="0" timestamp="2025-02-19T15:47:23 IST" skipped="0">
  <testcase classname="projecttest.Projecthometest" name="hometest" time="5.620"/>
  <system-out/>
</testsuite> <!-- projecttest.Projecthometest -->
